Traceback (most recent call last):
  File "<frozen runpy>", line 198, in _run_module_as_main
  File "<frozen runpy>", line 88, in _run_code
  File "/Users/ayeshbamunuarachchi/Documents/projects/FYP/retinify_backend/.venv/lib/python3.14/site-packages/uvicorn/__main__.py", line 4, in <module>
  File "/Users/ayeshbamunuarachchi/Documents/projects/FYP/retinify_backend/.venv/lib/python3.14/site-packages/click/core.py", line 1485, in __call__
  File "/Users/ayeshbamunuarachchi/Documents/projects/FYP/retinify_backend/.venv/lib/python3.14/site-packages/click/core.py", line 1406, in main
  File "/Users/ayeshbamunuarachchi/Documents/projects/FYP/retinify_backend/.venv/lib/python3.14/site-packages/click/core.py", line 1269, in invoke
  File "/Users/ayeshbamunuarachchi/Documents/projects/FYP/retinify_backend/.venv/lib/python3.14/site-packages/click/core.py", line 824, in invoke
  File "/Users/ayeshbamunuarachchi/Documents/projects/FYP/retinify_backend/.venv/lib/python3.14/site-packages/uvicorn/main.py", line 423, in main
  File "/Users/ayeshbamunuarachchi/Documents/projects/FYP/retinify_backend/.venv/lib/python3.14/site-packages/uvicorn/main.py", line 593, in run
  File "/Users/ayeshbamunuarachchi/Documents/projects/FYP/retinify_backend/.venv/lib/python3.14/site-packages/uvicorn/server.py", line 67, in run
  File "/Library/Frameworks/Python.framework/Versions/3.14/lib/python3.14/asyncio/runners.py", line 204, in run
    return runner.run(main)
           ~~~~~~~~~~^^^^^^
  File "/Library/Frameworks/Python.framework/Versions/3.14/lib/python3.14/asyncio/runners.py", line 127, in run
    return self._loop.run_until_complete(task)
           ~~~~~~~~~~~~~~~~~~~~~~~~~~~~~^^^^^^
  File "/Library/Frameworks/Python.framework/Versions/3.14/lib/python3.14/asyncio/base_events.py", line 719, in run_until_complete
    return future.result()
           ~~~~~~~~~~~~~^^
  File "/Users/ayeshbamunuarachchi/Documents/projects/FYP/retinify_backend/.venv/lib/python3.14/site-packages/uvicorn/server.py", line 71, in serve
  File "/Users/ayeshbamunuarachchi/Documents/projects/FYP/retinify_backend/.venv/lib/python3.14/site-packages/uvicorn/server.py", line 78, in _serve
  File "/Users/ayeshbamunuarachchi/Documents/projects/FYP/retinify_backend/.venv/lib/python3.14/site-packages/uvicorn/config.py", line 439, in load
    self.loaded_app = import_from_string(self.app)
                      ~~~~~~~~~~~~~~~~~~^^^^^^^^^^
  File "/Users/ayeshbamunuarachchi/Documents/projects/FYP/retinify_backend/.venv/lib/python3.14/site-packages/uvicorn/importer.py", line 19, in import_from_string
  File "/Library/Frameworks/Python.framework/Versions/3.14/lib/python3.14/importlib/__init__.py", line 88, in import_module
    return _bootstrap._gcd_import(name[level:], package, level)
           ~~~~~~~~~~~~~~~~~~~~~~^^^^^^^^^^^^^^^^^^^^^^^^^^^^^^
  File "<frozen importlib._bootstrap>", line 1398, in _gcd_import
  File "<frozen importlib._bootstrap>", line 1371, in _find_and_load
  File "<frozen importlib._bootstrap>", line 1342, in _find_and_load_unlocked
  File "<frozen importlib._bootstrap>", line 938, in _load_unlocked
  File "<frozen importlib._bootstrap_external>", line 759, in exec_module
  File "<frozen importlib._bootstrap>", line 491, in _call_with_frames_removed
  File "/Users/ayeshbamunuarachchi/Documents/projects/FYP/retinify_backend/main.py", line 10, in <module>
    from app.core.database import init_db
  File "/Users/ayeshbamunuarachchi/Documents/projects/FYP/retinify_backend/app/core/database.py", line 1, in <module>
    from sqlalchemy import create_engine
  File "/Users/ayeshbamunuarachchi/Documents/projects/FYP/retinify_backend/.venv/lib/python3.14/site-packages/sqlalchemy/__init__.py", line 13, in <module>
  File "/Users/ayeshbamunuarachchi/Documents/projects/FYP/retinify_backend/.venv/lib/python3.14/site-packages/sqlalchemy/engine/__init__.py", line 18, in <module>
  File "/Users/ayeshbamunuarachchi/Documents/projects/FYP/retinify_backend/.venv/lib/python3.14/site-packages/sqlalchemy/engine/events.py", line 19, in <module>
  File "/Users/ayeshbamunuarachchi/Documents/projects/FYP/retinify_backend/.venv/lib/python3.14/site-packages/sqlalchemy/engine/base.py", line 28, in <module>
  File "/Users/ayeshbamunuarachchi/Documents/projects/FYP/retinify_backend/.venv/lib/python3.14/site-packages/sqlalchemy/engine/interfaces.py", line 37, in <module>
  File "/Users/ayeshbamunuarachchi/Documents/projects/FYP/retinify_backend/.venv/lib/python3.14/site-packages/sqlalchemy/sql/__init__.py", line 13, in <module>
  File "/Users/ayeshbamunuarachchi/Documents/projects/FYP/retinify_backend/.venv/lib/python3.14/site-packages/sqlalchemy/sql/base.py", line 46, in <module>
  File "<frozen importlib._bootstrap>", line 1371, in _find_and_load
  File "<frozen importlib._bootstrap>", line 1342, in _find_and_load_unlocked
  File "<frozen importlib._bootstrap>", line 938, in _load_unlocked
  File "<frozen importlib._bootstrap_external>", line 755, in exec_module
  File "<frozen importlib._bootstrap_external>", line 892, in get_code
  File "<frozen importlib._bootstrap_external>", line 951, in get_data
TimeoutError: [Errno 60] Operation timed out
